<?xml version="1.0" encoding="UTF-8"?>
<testsuite name="com.ring.aqa.WireMockTest" tests="1" skipped="0" failures="0" errors="0" timestamp="2025-01-04T14:30:02" hostname="Ihor.Taranenko" time="1.468">
  <properties/>
  <testcase name="test" classname="com.ring.aqa.WireMockTest" time="1.468"/>
  <system-out><![CDATA[2025-01-04 16:30:01.683 Verbose logging enabled
2025-01-04 16:30:02.596 Using HTTP server impl: Jetty11HttpServer
2025-01-04 16:30:02.836 Admin request received:
127.0.0.1 - POST /mappings

Content-Type: [application/json]
Host: [localhost:56584]
Content-Length: [250]
Connection: [keep-alive]
User-Agent: [Apache-HttpClient/5.4.1 (Java/21.0.5)]
{
  "id" : "fc7a1849-acab-47f7-b231-5cf6ce74bb34",
  "request" : {
    "method" : "ANY"
  },
  "response" : {
    "status" : 200,
    "proxyBaseUrl" : "https://www.google.com"
  },
  "uuid" : "fc7a1849-acab-47f7-b231-5cf6ce74bb34",
  "priority" : 1
}

56584
2025-01-04 16:30:04.331 Request received:
127.0.0.1 - GET /search?q=wiremock

User-Agent: [Java/21.0.5]
Host: [localhost:56584]
Accept: [*/*]
Connection: [keep-alive]



Matched response definition:
{
  "status" : 200,
  "proxyBaseUrl" : "https://www.google.com"
}

Response:
HTTP/1.1 200
Alt-Svc: [h3=":443"; ma=2592000,h3-29=":443"; ma=2592000]
Server: [gws]
P3P: [CP="This is not a P3P policy! See g.co/p3phelp for more info."]
Date: [Sat, 04 Jan 2025 14:30:04 GMT]
Accept-Ranges: [none]
X-Frame-Options: [SAMEORIGIN]
Cache-Control: [private]
Content-Security-Policy: [object-src 'none';base-uri 'self';script-src 'nonce-5YlNeTdF3xIfSy12qN0oJg' 'strict-dynamic' 'report-sample' 'unsafe-eval' 'unsafe-inline' https: http:;report-uri https://csp.withgoogle.com/csp/gws/xsrp]
Vary: [Accept-Encoding]
Set-Cookie: [AEC=AZ6Zc-UndMELUfVaT0GIk8f2ih7QJnsSpg9hc_1dVfYioW1UbWnJ7yJlrQ; expires=Thu, 03-Jul-2025 14:30:04 GMT; path=/; domain=.google.com; Secure; HttpOnly; SameSite=lax, NID=520=bezZtFTglvQYehFcdB2Fada0_KKVOzwqG1CjtzTDM5FLKo8FiC7yP8FTHkftCK7VbrW4Xzxx0qscLVf4YysmIyYhSOC1wT9pQ-EKn9IeM9It_K0EmA6cfO3VccZdDH3RhPLJFQ5iGtsYhr3ZLfJy7xyhq8m84LYqudilm_9TqP7svfyznjs_pC3krUlKr1DFKujP; expires=Sun, 06-Jul-2025 14:30:04 GMT; path=/; domain=.google.com; HttpOnly]
Expires: [Sat, 04 Jan 2025 14:30:04 GMT]
X-XSS-Protection: [0]
Accept-CH: [Sec-CH-Prefers-Color-Scheme]
Content-Type: [text/html; charset=ISO-8859-1]

]]></system-out>
  <system-err><![CDATA[]]></system-err>
</testsuite>
